[debug] [2017-10-10T15:08:37.748Z] ----------------------------------------------------------------------
[debug] [2017-10-10T15:08:37.758Z] Command:       C:\Program Files\nodejs\node.exe C:\Users\Mackenzie\AppData\Roaming\npm\node_modules\firebase-tools\bin\firebase init
[debug] [2017-10-10T15:08:37.759Z] CLI Version:   3.13.1
[debug] [2017-10-10T15:08:37.760Z] Platform:      win32
[debug] [2017-10-10T15:08:37.760Z] Node Version:  v6.11.3
[debug] [2017-10-10T15:08:37.761Z] Time:          Tue Oct 10 2017 10:08:37 GMT-0500 (Central Daylight Time)
[debug] [2017-10-10T15:08:37.761Z] ----------------------------------------------------------------------
[debug] 
[debug] [2017-10-10T15:08:37.812Z] > command requires scopes: ["email","openid","https://www.googleapis.com/auth/cloudplatformprojects.readonly","https://www.googleapis.com/auth/firebase"]
[debug] [2017-10-10T15:08:37.814Z] > authorizing via signed-in user
[info] 
     ######## #### ########  ######## ########     ###     ######  ########
     ##        ##  ##     ## ##       ##     ##  ##   ##  ##       ##
     ######    ##  ########  ######   ########  #########  ######  ######
     ##        ##  ##    ##  ##       ##     ## ##     ##       ## ##
     ##       #### ##     ## ######## ########  ##     ##  ######  ########

You're about to initialize a Firebase project in this directory:

  C:\Users\Mackenzie\DevMountain\Projects\personal-project-dogs

Before we get started, keep in mind:

  * You are initializing in an existing Firebase project directory

